[Launcher] Scenario=sold
[Launcher] Product start=100.0, reserve=160.0, buyer1Max=150.0, buyer2Max=200.0
[buyer2] Demarrage buyer. Seller=seller, maxPrice=200.0, increment=20.0
[buyer1] Demarrage buyer. Seller=seller, maxPrice=150.0, increment=20.0
[Launcher] JADE GUI conservee ouverte: les agents restent visibles dans la table.
[seller] Demarrage seller.
[seller] Produit=Ordinateur portable, startPrice=100.0, reservePrice secret configure
[seller] Buyers=[buyer1, buyer2]
[seller] conversationId=auction-seller-1779470948031
[seller] Debut enchere. Timeout global=15000 ms
[seller] Round 1 CFP envoye. currentPrice=100.0, replyWith=auction-seller-1779470948031-round-1, activeBuyers=[buyer1, buyer2]
[buyer2] PROPOSE price=120.0 round=1 inReplyTo=auction-seller-1779470948031-round-1
[buyer1] PROPOSE price=120.0 round=1 inReplyTo=auction-seller-1779470948031-round-1
[seller] PROPOSE recu depuis buyer2: price=120.0, round=1
[seller] PROPOSE recu depuis buyer1: price=120.0, round=1
[seller] Meilleure offre actuelle: buyer=buyer2, price=120.0, round=1
[buyer1] Info enchere: bestBuyer=buyer2;bestPrice=120.0;round=1
[buyer2] Info enchere: bestBuyer=buyer2;bestPrice=120.0;round=1
[seller] Round 2 CFP envoye. currentPrice=120.0, replyWith=auction-seller-1779470948031-round-2, activeBuyers=[buyer1, buyer2]
[buyer1] PROPOSE price=140.0 round=2 inReplyTo=auction-seller-1779470948031-round-2
[buyer2] PROPOSE price=140.0 round=2 inReplyTo=auction-seller-1779470948031-round-2
[seller] PROPOSE recu depuis buyer1: price=140.0, round=2
[seller] PROPOSE recu depuis buyer2: price=140.0, round=2
[seller] Meilleure offre actuelle: buyer=buyer1, price=140.0, round=2
[buyer1] Info enchere: bestBuyer=buyer1;bestPrice=140.0;round=2
[buyer2] Info enchere: bestBuyer=buyer1;bestPrice=140.0;round=2
[seller] Round 3 CFP envoye. currentPrice=140.0, replyWith=auction-seller-1779470948031-round-3, activeBuyers=[buyer1, buyer2]
[seller] REFUSE recu depuis buyer1
[buyer2] PROPOSE price=160.0 round=3 inReplyTo=auction-seller-1779470948031-round-3
[seller] PROPOSE recu depuis buyer2: price=160.0, round=3
[seller] Meilleure offre actuelle: buyer=buyer2, price=160.0, round=3
[buyer2] Info enchere: bestBuyer=buyer2;bestPrice=160.0;round=3
[seller] Round 4 CFP envoye. currentPrice=160.0, replyWith=auction-seller-1779470948031-round-4, activeBuyers=[buyer2]
[buyer2] PROPOSE price=180.0 round=4 inReplyTo=auction-seller-1779470948031-round-4
[seller] PROPOSE recu depuis buyer2: price=180.0, round=4
[seller] Meilleure offre actuelle: buyer=buyer2, price=180.0, round=4
[buyer2] Info enchere: bestBuyer=buyer2;bestPrice=180.0;round=4
[seller] Round 5 CFP envoye. currentPrice=180.0, replyWith=auction-seller-1779470948031-round-5, activeBuyers=[buyer2]
[buyer2] PROPOSE price=200.0 round=5 inReplyTo=auction-seller-1779470948031-round-5
[seller] PROPOSE recu depuis buyer2: price=200.0, round=5
[buyer1] REFUSE round=3 inReplyTo=auction-seller-1779470948031-round-3
[seller] Meilleure offre actuelle: buyer=buyer2, price=200.0, round=5
[seller] Round 6 CFP envoye. currentPrice=200.0, replyWith=auction-seller-1779470948031-round-6, activeBuyers=[buyer2]
[buyer2] Info enchere: bestBuyer=buyer2;bestPrice=200.0;round=5
[buyer2] REFUSE round=6 inReplyTo=auction-seller-1779470948031-round-6
[seller] REFUSE recu depuis buyer2
[seller] Aucune meilleure offre au round 6.
[seller] RESULTAT: VENDU a buyer2 pour 200.0
[seller] Enchere terminee. Agent conserve dans la table JADE.
[buyer1] Proposition rejetee: result=SOLD;winner=buyer2;finalPrice=200.0
[buyer2] Proposition acceptee: result=SOLD;winner=buyer2;finalPrice=200.0
[buyer1] Agent conserve dans la table JADE.
[buyer2] Agent conserve dans la table JADE.
